[ 1065953ms] [WARNING] [AES] 未监测到Aplus SDK @ https://g.alicdn.com/aliyun-help/help-portal-fe/0.12.37/js/index.js:0
[ 1066296ms] [WARNING] The provided value '*/*' is not a valid enum value of type XMLHttpRequestResponseType. @ https://g.alicdn.com/aliyun-help/help-portal-fe/0.12.37/js/vendor.js:7
[ 9039252ms] [ERROR] Mixed Content: The page at 'https://help.aliyun.com/zh/model-studio/models' was loaded over HTTPS, but requested an insecure Beacon endpoint 'http://www.aliyun.com/notfound/'. This request has been blocked; the content must be served over HTTPS. @ https://help.aliyun.com/zh/model-studio/models:0
[ 9039301ms] [ERROR] Mixed Content: The page at 'https://help.aliyun.com/zh/model-studio/models' was loaded over HTTPS, but requested an insecure Beacon endpoint 'http://www.aliyun.com/notfound/'. This request has been blocked; the content must be served over HTTPS. @ https://help.aliyun.com/zh/model-studio/models:0
[ 9039301ms] [ERROR] Mixed Content: The page at 'https://help.aliyun.com/zh/model-studio/models' was loaded over HTTPS, but requested an insecure Beacon endpoint 'http://jp.aliyun.com/notfound/'. This request has been blocked; the content must be served over HTTPS. @ https://help.aliyun.com/zh/model-studio/models:0
[ 9039301ms] [ERROR] Mixed Content: The page at 'https://help.aliyun.com/zh/model-studio/models' was loaded over HTTPS, but requested an insecure Beacon endpoint 'http://jp.aliyun.com/notfound/'. This request has been blocked; the content must be served over HTTPS. @ https://help.aliyun.com/zh/model-studio/models:0
[ 9041759ms] [WARNING] [GSI_LOGGER]: Relative login_uri was provided. Use absolute url instead. Relative login_uri may be considered invalid in the future. @ https://accounts.google.com/gsi/client?hl=en:80
[ 9042269ms] [WARNING] [GSI_LOGGER]: Relative login_uri was provided. Use absolute url instead. Relative login_uri may be considered invalid in the future. @ https://accounts.google.com/gsi/client?hl=en:80
[ 9042582ms] [WARNING] [GSI_LOGGER]: Relative login_uri was provided. Use absolute url instead. Relative login_uri may be considered invalid in the future. @ https://accounts.google.com/gsi/client?hl=en:80
[ 9043366ms] [ERROR] %c%d font-size:0;color:transparent NaN @ https://g.alicdn.com/captcha-frontend/FeiLin/1.3.3/feilin126.9d95f8cdc276980abe92.js:0
[ 9043366ms] [WARNING] %c%d font-size:0;color:transparent NaN @ https://g.alicdn.com/captcha-frontend/FeiLin/1.3.3/feilin126.9d95f8cdc276980abe92.js:0
[ 9043379ms] [ERROR] %c%d font-size:0;color:transparent NaN @ https://g.alicdn.com/captcha-frontend/FeiLin/1.3.3/feilin126.9d95f8cdc276980abe92.js:0
[ 9043379ms] [WARNING] %c%d font-size:0;color:transparent NaN @ https://g.alicdn.com/captcha-frontend/FeiLin/1.3.3/feilin126.9d95f8cdc276980abe92.js:0
[ 9043525ms] [ERROR] %c%d font-size:0;color:transparent NaN @ https://g.alicdn.com/captcha-frontend/FeiLin/1.3.3/feilin126.9d95f8cdc276980abe92.js:0
[ 9043525ms] [WARNING] %c%d font-size:0;color:transparent NaN @ https://g.alicdn.com/captcha-frontend/FeiLin/1.3.3/feilin126.9d95f8cdc276980abe92.js:0
[ 9044146ms] [WARNING] [GSI_LOGGER]: Your client application may not display Google One Tap when FedCM becomes mandatory. Opt-in to FedCM to test that you have the proper cross-origin permission policy set up. Ignore this message if One Tap is displayed after opt-in to FedCM. Learn more: (https://developers.google.com/identity/gsi/web/guides/fedcm-migration?s=dc#cross_origin) @ https://accounts.google.com/gsi/client?hl=en:80
[ 9044147ms] [ERROR] Not signed in with the identity provider. @ https://iflow.cn/public/xdomain-storage-frame.html#%7B%22options%22%3A%7B%22emulateSession%22%3Atrue%2C%22pageTransitionTimeout%22%3A2000%2C%22sessionTimeout%22%3A86400000%7D%2C%22url%22%3A%22https%3A%2F%2Fiflow.cn%2Fpublic%2Fxdomain-storage-frame.html%22%2C%22navigationTime%22%3A1772886851320%7D:0
[ 9044915ms] [WARNING] [GSI_LOGGER]: Your client application may not display Google One Tap when FedCM becomes mandatory. Opt-in to FedCM to test that you have the proper cross-origin permission policy set up. Ignore this message if One Tap is displayed after opt-in to FedCM. Learn more: (https://developers.google.com/identity/gsi/web/guides/fedcm-migration?s=dc#cross_origin) @ https://accounts.google.com/gsi/client?hl=en:80
[ 9044918ms] [ERROR] Only one navigator.credentials.get request may be outstanding at one time. @ https://iflow.cn/public/xdomain-storage-frame.html#%7B%22options%22%3A%7B%22emulateSession%22%3Atrue%2C%22pageTransitionTimeout%22%3A2000%2C%22sessionTimeout%22%3A86400000%7D%2C%22url%22%3A%22https%3A%2F%2Fiflow.cn%2F%22%2C%22navigationTime%22%3A1772886849696%7D:0
[ 9044918ms] [ERROR] [GSI_LOGGER]: FedCM get() rejects with NotAllowedError: Only one navigator.credentials.get request may be outstanding at one time. @ https://accounts.google.com/gsi/client?hl=en:81
[ 9044918ms] [ERROR] Only one navigator.credentials.get request may be outstanding at one time. @ https://iflow.cn/:0
[ 9044918ms] [ERROR] [GSI_LOGGER]: FedCM get() rejects with NotAllowedError: Only one navigator.credentials.get request may be outstanding at one time. @ https://accounts.google.com/gsi/client?hl=en:81
[ 9053736ms] [ERROR] [GSI_LOGGER]: FedCM get() rejects with NetworkError: Error retrieving a token. @ https://accounts.google.com/gsi/client?hl=en:81
